{"label":"Auth","message":"Unhandled Rejection, TypeError: Cannot read property 'then' of undefined","level":"error"}
{"label":"Auth","message":"Unhandled Rejection, TypeError: Cannot read property 'then' of undefined","level":"error"}
{"label":"Auth","message":"Unhandled Rejection, TypeError: Cannot read property 'then' of undefined","level":"error"}
{"label":"Auth","message":"Unhandled Rejection, TypeError: Cannot read property 'then' of undefined","level":"error"}
{"label":"Auth","message":"Unhandled Rejection, TypeError: Cannot read property 'then' of undefined","level":"error"}
{"label":"Auth","message":"Unhandled Rejection, TypeError: Cannot read property 'then' of undefined","level":"error"}
{"label":"User","message":"Unhandled Rejection, TypeError: Cannot read property 'then' of undefined","level":"error"}
{"label":"User","message":"TokenGen/Can't save() the same doc multiple times in parallel. Document: 5da257d8307b3a4bf602cb96","name":"ParallelSaveError","level":"error","stack":"ParallelSaveError: Can't save() the same doc multiple times in parallel. Document: 5da257d8307b3a4bf602cb96\n    at ParallelSaveError.MongooseError [as constructor] (/home/cjason/prodev/minxpressnode/node_modules/mongoose/lib/error/mongooseError.js:10:11)\n    at new ParallelSaveError (/home/cjason/prodev/minxpressnode/node_modules/mongoose/lib/error/parallelSave.js:18:17)\n    at model.Model.save (/home/cjason/prodev/minxpressnode/node_modules/mongoose/lib/model.js:434:20)\n    at model.userSchema.methods.generateAuthToken (/home/cjason/prodev/minxpressnode/schemas/user.js:86:13)\n    at /home/cjason/prodev/minxpressnode/routers/user.js:37:7\n    at Layer.handle [as handle_request] (/home/cjason/prodev/minxpressnode/node_modules/express/lib/router/layer.js:95:5)\n    at next (/home/cjason/prodev/minxpressnode/node_modules/express/lib/router/route.js:137:13)\n    at Route.dispatch (/home/cjason/prodev/minxpressnode/node_modules/express/lib/router/route.js:112:3)\n    at Layer.handle [as handle_request] (/home/cjason/prodev/minxpressnode/node_modules/express/lib/router/layer.js:95:5)\n    at /home/cjason/prodev/minxpressnode/node_modules/express/lib/router/index.js:281:22\n    at Function.process_params (/home/cjason/prodev/minxpressnode/node_modules/express/lib/router/index.js:335:12)\n    at next (/home/cjason/prodev/minxpressnode/node_modules/express/lib/router/index.js:275:10)\n    at Function.handle (/home/cjason/prodev/minxpressnode/node_modules/express/lib/router/index.js:174:3)\n    at router (/home/cjason/prodev/minxpressnode/node_modules/express/lib/router/index.js:47:12)\n    at Layer.handle [as handle_request] (/home/cjason/prodev/minxpressnode/node_modules/express/lib/router/layer.js:95:5)\n    at trim_prefix (/home/cjason/prodev/minxpressnode/node_modules/express/lib/router/index.js:317:13)"}
{"label":"User","message":"TokenGen/Can't save() the same doc multiple times in parallel. Document: 5da257e6c4365e4c7abcc94f","name":"ParallelSaveError","level":"error","stack":"ParallelSaveError: Can't save() the same doc multiple times in parallel. Document: 5da257e6c4365e4c7abcc94f\n    at ParallelSaveError.MongooseError [as constructor] (/home/cjason/prodev/minxpressnode/node_modules/mongoose/lib/error/mongooseError.js:10:11)\n    at new ParallelSaveError (/home/cjason/prodev/minxpressnode/node_modules/mongoose/lib/error/parallelSave.js:18:17)\n    at model.Model.save (/home/cjason/prodev/minxpressnode/node_modules/mongoose/lib/model.js:434:20)\n    at model.userSchema.methods.generateAuthToken (/home/cjason/prodev/minxpressnode/schemas/user.js:86:13)\n    at /home/cjason/prodev/minxpressnode/routers/user.js:37:7\n    at processTicksAndRejections (internal/process/task_queues.js:93:5)"}
{"label":"User","message":"TokenGen/Can't save() the same doc multiple times in parallel. Document: 5da25833bad9f04c8a07d982","name":"ParallelSaveError","level":"error","stack":"ParallelSaveError: Can't save() the same doc multiple times in parallel. Document: 5da25833bad9f04c8a07d982\n    at ParallelSaveError.MongooseError [as constructor] (/home/cjason/prodev/minxpressnode/node_modules/mongoose/lib/error/mongooseError.js:10:11)\n    at new ParallelSaveError (/home/cjason/prodev/minxpressnode/node_modules/mongoose/lib/error/parallelSave.js:18:17)\n    at model.Model.save (/home/cjason/prodev/minxpressnode/node_modules/mongoose/lib/model.js:434:20)\n    at model.userSchema.methods.generateAuthToken (/home/cjason/prodev/minxpressnode/schemas/user.js:86:13)\n    at /home/cjason/prodev/minxpressnode/routers/user.js:37:7\n    at processTicksAndRejections (internal/process/task_queues.js:93:5)"}
{"label":"User","message":"Unhandled Rejection, ReferenceError: mongoose is not defined","level":"error"}
{"label":"User","message":"TokenGen/Can't save() the same doc multiple times in parallel. Document: 5da25a13ebc9665933c1400d","name":"ParallelSaveError","level":"error","stack":"ParallelSaveError: Can't save() the same doc multiple times in parallel. Document: 5da25a13ebc9665933c1400d\n    at ParallelSaveError.MongooseError [as constructor] (/home/cjason/prodev/minxpressnode/node_modules/mongoose/lib/error/mongooseError.js:10:11)\n    at new ParallelSaveError (/home/cjason/prodev/minxpressnode/node_modules/mongoose/lib/error/parallelSave.js:18:17)\n    at model.Model.save (/home/cjason/prodev/minxpressnode/node_modules/mongoose/lib/model.js:434:20)\n    at model.userSchema.methods.generateAuthToken (/home/cjason/prodev/minxpressnode/schemas/user.js:86:13)\n    at /home/cjason/prodev/minxpressnode/routers/user.js:37:7\n    at processTicksAndRejections (internal/process/task_queues.js:93:5)"}
{"label":"User","message":"TokenGen/Can't save() the same doc multiple times in parallel. Document: 5da25aaf1ef3215c28abc13a","name":"ParallelSaveError","level":"error","stack":"ParallelSaveError: Can't save() the same doc multiple times in parallel. Document: 5da25aaf1ef3215c28abc13a\n    at ParallelSaveError.MongooseError [as constructor] (/home/cjason/prodev/minxpressnode/node_modules/mongoose/lib/error/mongooseError.js:10:11)\n    at new ParallelSaveError (/home/cjason/prodev/minxpressnode/node_modules/mongoose/lib/error/parallelSave.js:18:17)\n    at model.Model.save (/home/cjason/prodev/minxpressnode/node_modules/mongoose/lib/model.js:434:20)\n    at model.userSchema.methods.generateAuthToken (/home/cjason/prodev/minxpressnode/schemas/user.js:86:13)\n    at /home/cjason/prodev/minxpressnode/routers/user.js:37:7\n    at processTicksAndRejections (internal/process/task_queues.js:93:5)"}
{"label":"User","message":"TokenGen/Can't save() the same doc multiple times in parallel. Document: 5da25b72d95c68614b0d6fa8","name":"ParallelSaveError","level":"error","stack":"ParallelSaveError: Can't save() the same doc multiple times in parallel. Document: 5da25b72d95c68614b0d6fa8\n    at ParallelSaveError.MongooseError [as constructor] (/home/cjason/prodev/minxpressnode/node_modules/mongoose/lib/error/mongooseError.js:10:11)\n    at new ParallelSaveError (/home/cjason/prodev/minxpressnode/node_modules/mongoose/lib/error/parallelSave.js:18:17)\n    at model.Model.save (/home/cjason/prodev/minxpressnode/node_modules/mongoose/lib/model.js:434:20)\n    at model.userSchema.methods.generateAuthToken (/home/cjason/prodev/minxpressnode/schemas/user.js:86:13)\n    at /home/cjason/prodev/minxpressnode/routers/user.js:38:7\n    at processTicksAndRejections (internal/process/task_queues.js:93:5)"}
{"label":"User","level":"error","message":"Logoutall/Cannot read property 'tokens' of null","stack":"TypeError: Cannot read property 'tokens' of null\n    at /home/cjason/prodev/minxpressnode/routers/user.js:107:12\n    at Layer.handle [as handle_request] (/home/cjason/prodev/minxpressnode/node_modules/express/lib/router/layer.js:95:5)\n    at next (/home/cjason/prodev/minxpressnode/node_modules/express/lib/router/route.js:137:13)\n    at /home/cjason/prodev/minxpressnode/middlewares/auth.js:30:3\n    at processTicksAndRejections (internal/process/task_queues.js:93:5)"}
{"label":"User","level":"error","message":"Logoutall/Cannot read property 'tokens' of null","stack":"TypeError: Cannot read property 'tokens' of null\n    at /home/cjason/prodev/minxpressnode/routers/user.js:107:12\n    at Layer.handle [as handle_request] (/home/cjason/prodev/minxpressnode/node_modules/express/lib/router/layer.js:95:5)\n    at next (/home/cjason/prodev/minxpressnode/node_modules/express/lib/router/route.js:137:13)\n    at /home/cjason/prodev/minxpressnode/middlewares/auth.js:30:3\n    at processTicksAndRejections (internal/process/task_queues.js:93:5)"}
{"label":"User","level":"error","message":"Logoutall/Cannot read property 'tokens' of null","stack":"TypeError: Cannot read property 'tokens' of null\n    at /home/cjason/prodev/minxpressnode/routers/user.js:108:12\n    at Layer.handle [as handle_request] (/home/cjason/prodev/minxpressnode/node_modules/express/lib/router/layer.js:95:5)\n    at next (/home/cjason/prodev/minxpressnode/node_modules/express/lib/router/route.js:137:13)\n    at /home/cjason/prodev/minxpressnode/middlewares/auth.js:30:3\n    at processTicksAndRejections (internal/process/task_queues.js:93:5)"}
{"label":"User","level":"error","message":"Logoutall/Cannot read property 'tokens' of null","stack":"TypeError: Cannot read property 'tokens' of null\n    at /home/cjason/prodev/minxpressnode/routers/user.js:108:12\n    at Layer.handle [as handle_request] (/home/cjason/prodev/minxpressnode/node_modules/express/lib/router/layer.js:95:5)\n    at next (/home/cjason/prodev/minxpressnode/node_modules/express/lib/router/route.js:137:13)\n    at /home/cjason/prodev/minxpressnode/middlewares/auth.js:30:3\n    at processTicksAndRejections (internal/process/task_queues.js:93:5)"}
{"label":"User","level":"error","message":"Logoutall/user is not defined","stack":"ReferenceError: user is not defined\n    at /home/cjason/prodev/minxpressnode/routers/user.js:111:18\n    at processTicksAndRejections (internal/process/task_queues.js:93:5)"}
{"label":"User","message":"Unhandled Rejection, TypeError: Cannot read property 'replace' of undefined","level":"error"}
{"label":"User","message":"Unhandled Rejection, TypeError: Cannot read property 'replace' of undefined","level":"error"}
{"label":"User","message":"Unhandled Rejection, ReferenceError: data is not defined","level":"error"}
{"label":"User","message":"Unhandled Rejection, ReferenceError: data is not defined","level":"error"}
{"label":"User","message":"Unhandled Rejection, ReferenceError: data is not defined","level":"error"}
{"label":"User","message":"Unhandled Rejection, ReferenceError: data is not defined","level":"error"}
{"label":"User","level":"error","message":"Logoutall/Cannot read property 'tokens' of null","stack":"TypeError: Cannot read property 'tokens' of null\n    at /home/cjason/prodev/minxpressnode/routers/user.js:108:12\n    at Layer.handle [as handle_request] (/home/cjason/prodev/minxpressnode/node_modules/express/lib/router/layer.js:95:5)\n    at next (/home/cjason/prodev/minxpressnode/node_modules/express/lib/router/route.js:137:13)\n    at /home/cjason/prodev/minxpressnode/middlewares/auth.js:32:4\n    at processTicksAndRejections (internal/process/task_queues.js:93:5)"}
{"label":"User","level":"error","message":"Logoutall/Cannot read property 'tokens' of null","stack":"TypeError: Cannot read property 'tokens' of null\n    at /home/cjason/prodev/minxpressnode/routers/user.js:108:12\n    at Layer.handle [as handle_request] (/home/cjason/prodev/minxpressnode/node_modules/express/lib/router/layer.js:95:5)\n    at next (/home/cjason/prodev/minxpressnode/node_modules/express/lib/router/route.js:137:13)\n    at /home/cjason/prodev/minxpressnode/middlewares/auth.js:32:4\n    at processTicksAndRejections (internal/process/task_queues.js:93:5)"}
{"label":"User","level":"error","message":"Logoutall/Cannot read property 'tokens' of null","stack":"TypeError: Cannot read property 'tokens' of null\n    at /home/cjason/prodev/minxpressnode/routers/user.js:108:12\n    at Layer.handle [as handle_request] (/home/cjason/prodev/minxpressnode/node_modules/express/lib/router/layer.js:95:5)\n    at next (/home/cjason/prodev/minxpressnode/node_modules/express/lib/router/route.js:137:13)\n    at /home/cjason/prodev/minxpressnode/middlewares/auth.js:32:4\n    at processTicksAndRejections (internal/process/task_queues.js:93:5)"}
{"label":"User","level":"error","message":"Logoutall/Cannot read property 'tokens' of null","stack":"TypeError: Cannot read property 'tokens' of null\n    at /home/cjason/prodev/minxpressnode/routers/user.js:108:12\n    at Layer.handle [as handle_request] (/home/cjason/prodev/minxpressnode/node_modules/express/lib/router/layer.js:95:5)\n    at next (/home/cjason/prodev/minxpressnode/node_modules/express/lib/router/route.js:137:13)\n    at /home/cjason/prodev/minxpressnode/middlewares/auth.js:32:4\n    at processTicksAndRejections (internal/process/task_queues.js:93:5)"}
{"label":"User","level":"error","message":"Logoutall/Cannot read property 'tokens' of null","stack":"TypeError: Cannot read property 'tokens' of null\n    at /home/cjason/prodev/minxpressnode/routers/user.js:108:12\n    at Layer.handle [as handle_request] (/home/cjason/prodev/minxpressnode/node_modules/express/lib/router/layer.js:95:5)\n    at next (/home/cjason/prodev/minxpressnode/node_modules/express/lib/router/route.js:137:13)\n    at /home/cjason/prodev/minxpressnode/middlewares/auth.js:32:4\n    at processTicksAndRejections (internal/process/task_queues.js:93:5)"}
{"label":"User","level":"error","message":"Logoutall/Cannot read property 'tokens' of null","stack":"TypeError: Cannot read property 'tokens' of null\n    at /home/cjason/prodev/minxpressnode/routers/user.js:108:12\n    at Layer.handle [as handle_request] (/home/cjason/prodev/minxpressnode/node_modules/express/lib/router/layer.js:95:5)\n    at next (/home/cjason/prodev/minxpressnode/node_modules/express/lib/router/route.js:137:13)\n    at /home/cjason/prodev/minxpressnode/middlewares/auth.js:32:4\n    at processTicksAndRejections (internal/process/task_queues.js:93:5)"}
{"label":"User","level":"error","message":"Logoutall/Cannot read property 'tokens' of null","stack":"TypeError: Cannot read property 'tokens' of null\n    at /home/cjason/prodev/minxpressnode/routers/user.js:108:12\n    at Layer.handle [as handle_request] (/home/cjason/prodev/minxpressnode/node_modules/express/lib/router/layer.js:95:5)\n    at next (/home/cjason/prodev/minxpressnode/node_modules/express/lib/router/route.js:137:13)\n    at /home/cjason/prodev/minxpressnode/middlewares/auth.js:32:4\n    at processTicksAndRejections (internal/process/task_queues.js:93:5)"}
{"label":"User","level":"error","message":"Logoutall/Cannot read property 'splice' of undefined","stack":"TypeError: Cannot read property 'splice' of undefined\n    at /home/cjason/prodev/minxpressnode/routers/user.js:108:19\n    at Layer.handle [as handle_request] (/home/cjason/prodev/minxpressnode/node_modules/express/lib/router/layer.js:95:5)\n    at next (/home/cjason/prodev/minxpressnode/node_modules/express/lib/router/route.js:137:13)\n    at auth (/home/cjason/prodev/minxpressnode/middlewares/auth.js:34:3)\n    at Layer.handle [as handle_request] (/home/cjason/prodev/minxpressnode/node_modules/express/lib/router/layer.js:95:5)\n    at next (/home/cjason/prodev/minxpressnode/node_modules/express/lib/router/route.js:137:13)\n    at Route.dispatch (/home/cjason/prodev/minxpressnode/node_modules/express/lib/router/route.js:112:3)\n    at Layer.handle [as handle_request] (/home/cjason/prodev/minxpressnode/node_modules/express/lib/router/layer.js:95:5)\n    at /home/cjason/prodev/minxpressnode/node_modules/express/lib/router/index.js:281:22\n    at Function.process_params (/home/cjason/prodev/minxpressnode/node_modules/express/lib/router/index.js:335:12)\n    at next (/home/cjason/prodev/minxpressnode/node_modules/express/lib/router/index.js:275:10)\n    at Function.handle (/home/cjason/prodev/minxpressnode/node_modules/express/lib/router/index.js:174:3)\n    at router (/home/cjason/prodev/minxpressnode/node_modules/express/lib/router/index.js:47:12)\n    at Layer.handle [as handle_request] (/home/cjason/prodev/minxpressnode/node_modules/express/lib/router/layer.js:95:5)\n    at trim_prefix (/home/cjason/prodev/minxpressnode/node_modules/express/lib/router/index.js:317:13)\n    at /home/cjason/prodev/minxpressnode/node_modules/express/lib/router/index.js:284:7"}
{"label":"User","message":"Unhandled Rejection, TypeError: Converting circular structure to JSON\n    --> starting at object with constructor 'NativeTopology'\n    |     property 's' -> object with constructor 'Object'\n    |     property 'sessionPool' -> object with constructor 'ServerSessionPool'\n    --- property 'topology' closes the circle","level":"error"}
{"label":"User","message":"Unhandled Rejection, TypeError: Converting circular structure to JSON\n    --> starting at object with constructor 'NativeTopology'\n    |     property 's' -> object with constructor 'Object'\n    |     property 'sessionPool' -> object with constructor 'ServerSessionPool'\n    --- property 'topology' closes the circle","level":"error"}
{"label":"User","message":"Unhandled Rejection, TypeError: Converting circular structure to JSON\n    --> starting at object with constructor 'NativeTopology'\n    |     property 's' -> object with constructor 'Object'\n    |     property 'sessionPool' -> object with constructor 'ServerSessionPool'\n    --- property 'topology' closes the circle","level":"error"}
{"label":"User","message":"Unhandled Rejection, TypeError: Converting circular structure to JSON\n    --> starting at object with constructor 'NativeTopology'\n    |     property 's' -> object with constructor 'Object'\n    |     property 'sessionPool' -> object with constructor 'ServerSessionPool'\n    --- property 'topology' closes the circle","level":"error"}
{"label":"User","message":"Unhandled Rejection, TypeError: Converting circular structure to JSON\n    --> starting at object with constructor 'NativeTopology'\n    |     property 's' -> object with constructor 'Object'\n    |     property 'sessionPool' -> object with constructor 'ServerSessionPool'\n    --- property 'topology' closes the circle","level":"error"}
{"label":"User","message":"Unhandled Rejection, TypeError: Converting circular structure to JSON\n    --> starting at object with constructor 'NativeTopology'\n    |     property 's' -> object with constructor 'Object'\n    |     property 'sessionPool' -> object with constructor 'ServerSessionPool'\n    --- property 'topology' closes the circle","level":"error"}
{"label":"User","message":"Unhandled Rejection, TypeError: Converting circular structure to JSON\n    --> starting at object with constructor 'NativeTopology'\n    |     property 's' -> object with constructor 'Object'\n    |     property 'sessionPool' -> object with constructor 'ServerSessionPool'\n    --- property 'topology' closes the circle","level":"error"}
{"label":"User","message":"Unhandled Rejection, TypeError: Converting circular structure to JSON\n    --> starting at object with constructor 'NativeTopology'\n    |     property 's' -> object with constructor 'Object'\n    |     property 'sessionPool' -> object with constructor 'ServerSessionPool'\n    --- property 'topology' closes the circle","level":"error"}
{"label":"User","message":"Unhandled Rejection, TypeError: Converting circular structure to JSON\n    --> starting at object with constructor 'NativeTopology'\n    |     property 's' -> object with constructor 'Object'\n    |     property 'sessionPool' -> object with constructor 'ServerSessionPool'\n    --- property 'topology' closes the circle","level":"error"}
{"label":"User","message":"Unhandled Rejection, TypeError: Converting circular structure to JSON\n    --> starting at object with constructor 'NativeTopology'\n    |     property 's' -> object with constructor 'Object'\n    |     property 'sessionPool' -> object with constructor 'ServerSessionPool'\n    --- property 'topology' closes the circle","level":"error"}
{"label":"User","message":"Unhandled Rejection, TypeError: Converting circular structure to JSON\n    --> starting at object with constructor 'NativeTopology'\n    |     property 's' -> object with constructor 'Object'\n    |     property 'sessionPool' -> object with constructor 'ServerSessionPool'\n    --- property 'topology' closes the circle","level":"error"}
{"label":"User","message":"Unhandled Rejection, TypeError: Converting circular structure to JSON\n    --> starting at object with constructor 'NativeTopology'\n    |     property 's' -> object with constructor 'Object'\n    |     property 'sessionPool' -> object with constructor 'ServerSessionPool'\n    --- property 'topology' closes the circle","level":"error"}
{"label":"User","message":"Unhandled Rejection, TypeError: Converting circular structure to JSON\n    --> starting at object with constructor 'NativeTopology'\n    |     property 's' -> object with constructor 'Object'\n    |     property 'sessionPool' -> object with constructor 'ServerSessionPool'\n    --- property 'topology' closes the circle","level":"error"}
{"label":"User","message":"Unhandled Rejection, TypeError: Converting circular structure to JSON\n    --> starting at object with constructor 'NativeTopology'\n    |     property 's' -> object with constructor 'Object'\n    |     property 'sessionPool' -> object with constructor 'ServerSessionPool'\n    --- property 'topology' closes the circle","level":"error"}
{"label":"User","level":"error","message":"Logoutall/Cannot read property 'splice' of undefined","stack":"TypeError: Cannot read property 'splice' of undefined\n    at /home/cjason/prodev/minxpressnode/routers/user.js:108:19\n    at Layer.handle [as handle_request] (/home/cjason/prodev/minxpressnode/node_modules/express/lib/router/layer.js:95:5)\n    at next (/home/cjason/prodev/minxpressnode/node_modules/express/lib/router/route.js:137:13)\n    at auth (/home/cjason/prodev/minxpressnode/middlewares/auth.js:34:3)\n    at Layer.handle [as handle_request] (/home/cjason/prodev/minxpressnode/node_modules/express/lib/router/layer.js:95:5)\n    at next (/home/cjason/prodev/minxpressnode/node_modules/express/lib/router/route.js:137:13)\n    at Route.dispatch (/home/cjason/prodev/minxpressnode/node_modules/express/lib/router/route.js:112:3)\n    at Layer.handle [as handle_request] (/home/cjason/prodev/minxpressnode/node_modules/express/lib/router/layer.js:95:5)\n    at /home/cjason/prodev/minxpressnode/node_modules/express/lib/router/index.js:281:22\n    at Function.process_params (/home/cjason/prodev/minxpressnode/node_modules/express/lib/router/index.js:335:12)\n    at next (/home/cjason/prodev/minxpressnode/node_modules/express/lib/router/index.js:275:10)\n    at Function.handle (/home/cjason/prodev/minxpressnode/node_modules/express/lib/router/index.js:174:3)\n    at router (/home/cjason/prodev/minxpressnode/node_modules/express/lib/router/index.js:47:12)\n    at Layer.handle [as handle_request] (/home/cjason/prodev/minxpressnode/node_modules/express/lib/router/layer.js:95:5)\n    at trim_prefix (/home/cjason/prodev/minxpressnode/node_modules/express/lib/router/index.js:317:13)\n    at /home/cjason/prodev/minxpressnode/node_modules/express/lib/router/index.js:284:7"}
{"label":"User","message":"Unhandled Rejection, TypeError: Converting circular structure to JSON\n    --> starting at object with constructor 'NativeTopology'\n    |     property 's' -> object with constructor 'Object'\n    |     property 'sessionPool' -> object with constructor 'ServerSessionPool'\n    --- property 'topology' closes the circle","level":"error"}
{"label":"User","message":"Unhandled Rejection, TypeError: Converting circular structure to JSON\n    --> starting at object with constructor 'NativeTopology'\n    |     property 's' -> object with constructor 'Object'\n    |     property 'sessionPool' -> object with constructor 'ServerSessionPool'\n    --- property 'topology' closes the circle","level":"error"}
{"label":"User","message":"Unhandled Rejection, TypeError: Converting circular structure to JSON\n    --> starting at object with constructor 'NativeTopology'\n    |     property 's' -> object with constructor 'Object'\n    |     property 'sessionPool' -> object with constructor 'ServerSessionPool'\n    --- property 'topology' closes the circle","level":"error"}
{"label":"User","message":"Unhandled Rejection, TypeError: Converting circular structure to JSON\n    --> starting at object with constructor 'NativeTopology'\n    |     property 's' -> object with constructor 'Object'\n    |     property 'sessionPool' -> object with constructor 'ServerSessionPool'\n    --- property 'topology' closes the circle","level":"error"}
{"label":"User","message":"Unhandled Rejection, TypeError: Converting circular structure to JSON\n    --> starting at object with constructor 'NativeTopology'\n    |     property 's' -> object with constructor 'Object'\n    |     property 'sessionPool' -> object with constructor 'ServerSessionPool'\n    --- property 'topology' closes the circle","level":"error"}
{"label":"User","message":"Unhandled Rejection, TypeError: Converting circular structure to JSON\n    --> starting at object with constructor 'NativeTopology'\n    |     property 's' -> object with constructor 'Object'\n    |     property 'sessionPool' -> object with constructor 'ServerSessionPool'\n    --- property 'topology' closes the circle","level":"error"}
{"label":"User","level":"error","message":"Exception DumpConverting circular structure to JSON\n    --> starting at object with constructor 'NativeTopology'\n    |     property 's' -> object with constructor 'Object'\n    |     property 'sessionPool' -> object with constructor 'ServerSessionPool'\n    --- property 'topology' closes the circle","stack":"TypeError: Converting circular structure to JSON\n    --> starting at object with constructor 'NativeTopology'\n    |     property 's' -> object with constructor 'Object'\n    |     property 'sessionPool' -> object with constructor 'ServerSessionPool'\n    --- property 'topology' closes the circle\n    at JSON.stringify (<anonymous>)\n    at stringify (/home/cjason/prodev/minxpressnode/node_modules/express/lib/response.js:1123:12)\n    at ServerResponse.json (/home/cjason/prodev/minxpressnode/node_modules/express/lib/response.js:260:14)\n    at ServerResponse.send (/home/cjason/prodev/minxpressnode/node_modules/express/lib/response.js:158:21)\n    at /home/cjason/prodev/minxpressnode/routers/user.js:85:6\n    at Layer.handle [as handle_request] (/home/cjason/prodev/minxpressnode/node_modules/express/lib/router/layer.js:95:5)\n    at next (/home/cjason/prodev/minxpressnode/node_modules/express/lib/router/route.js:137:13)\n    at auth (/home/cjason/prodev/minxpressnode/middlewares/auth.js:34:3)\n    at Layer.handle [as handle_request] (/home/cjason/prodev/minxpressnode/node_modules/express/lib/router/layer.js:95:5)\n    at next (/home/cjason/prodev/minxpressnode/node_modules/express/lib/router/route.js:137:13)\n    at Route.dispatch (/home/cjason/prodev/minxpressnode/node_modules/express/lib/router/route.js:112:3)\n    at Layer.handle [as handle_request] (/home/cjason/prodev/minxpressnode/node_modules/express/lib/router/layer.js:95:5)\n    at /home/cjason/prodev/minxpressnode/node_modules/express/lib/router/index.js:281:22\n    at Function.process_params (/home/cjason/prodev/minxpressnode/node_modules/express/lib/router/index.js:335:12)\n    at next (/home/cjason/prodev/minxpressnode/node_modules/express/lib/router/index.js:275:10)\n    at Function.handle (/home/cjason/prodev/minxpressnode/node_modules/express/lib/router/index.js:174:3)"}
{"label":"User","message":"Unhandled Rejection, TypeError: Converting circular structure to JSON\n    --> starting at object with constructor 'NativeTopology'\n    |     property 's' -> object with constructor 'Object'\n    |     property 'sessionPool' -> object with constructor 'ServerSessionPool'\n    --- property 'topology' closes the circle","level":"error"}
{"label":"User","message":"Unhandled Rejection, TypeError: Converting circular structure to JSON\n    --> starting at object with constructor 'NativeTopology'\n    |     property 's' -> object with constructor 'Object'\n    |     property 'sessionPool' -> object with constructor 'ServerSessionPool'\n    --- property 'topology' closes the circle","level":"error"}
{"label":"User","message":"Unhandled Rejection, TypeError: Converting circular structure to JSON\n    --> starting at object with constructor 'NativeTopology'\n    |     property 's' -> object with constructor 'Object'\n    |     property 'sessionPool' -> object with constructor 'ServerSessionPool'\n    --- property 'topology' closes the circle","level":"error"}
{"label":"User","message":"subscribe/MongoNetworkError: connect ECONNREFUSED 127.0.0.1:27017","level":"error"}
{"label":"User","message":"subscribe/MongoNetworkError: connect ECONNREFUSED 127.0.0.1:27017","level":"error"}
{"label":"User","message":"subscribe/MongoNetworkError: connect ECONNREFUSED 127.0.0.1:27017","level":"error"}
{"label":"User","message":"subscribe/MongoNetworkError: connect ECONNREFUSED 127.0.0.1:27017","level":"error"}
{"label":"User","message":"Unhandled Rejection, MongoNetworkError: connect ECONNREFUSED 127.0.0.1:27017","level":"error"}
{"label":"User","message":"Unhandled Rejection, MongoNetworkError: connect ECONNREFUSED 127.0.0.1:27017","level":"error"}
{"label":"User","message":"Unhandled Rejection, MongoNetworkError: connect ECONNREFUSED 127.0.0.1:27017","level":"error"}
{"label":"User","message":"Unhandled Rejection, MongoNetworkError: connect ECONNREFUSED 127.0.0.1:27017","level":"error"}
{"label":"User","message":"subscribe/MongoNetworkError: connect ECONNREFUSED 127.0.0.1:27017","level":"error"}
{"label":"User","message":"subscribe/MongoNetworkError: connect ECONNREFUSED 127.0.0.1:27017","level":"error"}
{"label":"User","message":"Unhandled Rejection, MongoNetworkError: connect ECONNREFUSED 127.0.0.1:27017","level":"error"}
{"label":"User","message":"Unhandled Rejection, MongoNetworkError: connect ECONNREFUSED 127.0.0.1:27017","level":"error"}
{"label":"User","level":"error","message":"TokenGen/Invalid login credentials","stack":"Error: Invalid login credentials\n    at Function.userSchema.statics.findByCredentials (/home/cjason/prodev/minxpressnode/schemas/user.js:94:9)\n    at processTicksAndRejections (internal/process/task_queues.js:93:5)\n    at async /home/cjason/prodev/minxpressnode/routers/user.js:62:16"}
{"label":"User","level":"error","message":"TokenGen/Invalid login credentials","stack":"Error: Invalid login credentials\n    at Function.userSchema.statics.findByCredentials (/home/cjason/prodev/minxpressnode/schemas/user.js:94:9)\n    at processTicksAndRejections (internal/process/task_queues.js:93:5)\n    at async /home/cjason/prodev/minxpressnode/routers/user.js:62:16"}
{"label":"User","message":"Unhandled Rejection, ReferenceError: email is not defined","level":"error"}
{"label":"User","level":"error","message":"TokenGen/user is not defined","stack":"ReferenceError: user is not defined\n    at /home/cjason/prodev/minxpressnode/routers/user.js:72:17"}
{"label":"User","message":"subscribe/MongoNetworkError: connect ECONNREFUSED 127.0.0.1:27017","level":"error"}
{"label":"User","message":"subscribe/MongoNetworkError: connect ECONNREFUSED 127.0.0.1:27017","level":"error"}
{"label":"User","message":"Unhandled Rejection, MongoNetworkError: connect ECONNREFUSED 127.0.0.1:27017","level":"error"}
{"label":"User","message":"subscribe/MongoNetworkError: connect ECONNREFUSED 127.0.0.1:27017","level":"error"}
{"label":"User","message":"subscribe/MongoNetworkError: connect ECONNREFUSED 127.0.0.1:27017","level":"error"}
{"label":"User","message":"Unhandled Rejection, MongoNetworkError: connect ECONNREFUSED 127.0.0.1:27017","level":"error"}
{"label":"User","message":"subscribe/MongoNetworkError: connect ECONNREFUSED 127.0.0.1:27017","level":"error"}
{"label":"User","message":"subscribe/MongoNetworkError: connect ECONNREFUSED 127.0.0.1:27017","level":"error"}
{"label":"User","message":"Unhandled Rejection, MongoNetworkError: connect ECONNREFUSED 127.0.0.1:27017","level":"error"}
{"label":"User","message":"Unhandled Rejection, MongoNetworkError: connect ECONNREFUSED 127.0.0.1:27017","level":"error"}
{"label":"User","message":"Unhandled Rejection, MongoNetworkError: connect ECONNREFUSED 127.0.0.1:27017","level":"error"}
{"label":"User","message":"Unhandled Rejection, MongoNetworkError: connect ECONNREFUSED 127.0.0.1:27017","level":"error"}
{"label":"User","message":"subscribe/MongoNetworkError: connection 0 to cj-dbserv:27017 closed","level":"error"}
{"label":"User","message":"Unhandled Rejection, MongoNetworkError: connection 0 to cj-dbserv:27017 closed","level":"error"}
{"label":"User","message":"subscribe/MongoNetworkError: connection 0 to cj-dbserv:27017 closed","level":"error"}
{"label":"User","message":"Unhandled Rejection, MongoNetworkError: connection 0 to cj-dbserv:27017 closed","level":"error"}
{"label":"User","message":"subscribe/MongoNetworkError: connection 0 to cj-dbserv:27017 closed","level":"error"}
{"label":"User","message":"Unhandled Rejection, MongoNetworkError: connection 0 to cj-dbserv:27017 closed","level":"error"}
{"label":"User","message":"subscribe/MongoNetworkError: connection 0 to cj-dbserv:27017 closed","level":"error"}
{"label":"User","message":"subscribe/MongoNetworkError: connection 0 to cj-dbserv:27017 closed","level":"error"}
{"label":"User","message":"Unhandled Rejection, MongoNetworkError: connection 0 to cj-dbserv:27017 closed","level":"error"}
{"label":"User","message":"Unhandled Rejection, MongoNetworkError: connection 0 to cj-dbserv:27017 closed","level":"error"}
{"label":"User","message":"subscribe/MongoNetworkError: connection 0 to cj-dbserv:27017 closed","level":"error"}
{"label":"User","message":"Unhandled Rejection, MongoNetworkError: connection 0 to cj-dbserv:27017 closed","level":"error"}
{"label":"User","message":"subscribe/MongoNetworkError: connection 0 to cj-dbserv:27017 closed","level":"error"}
{"label":"User","message":"Unhandled Rejection, MongoNetworkError: connection 0 to cj-dbserv:27017 closed","level":"error"}
{"label":"User","message":"subscribe/MongoNetworkError: connection 0 to cj-dbserv:27017 closed","level":"error"}
{"label":"User","message":"Unhandled Rejection, MongoNetworkError: connection 0 to cj-dbserv:27017 closed","level":"error"}
{"label":"User","message":"subscribe/MongoNetworkError: connection 0 to cj-dbserv:27017 closed","level":"error"}
{"label":"User","message":"Unhandled Rejection, MongoNetworkError: connection 0 to cj-dbserv:27017 closed","level":"error"}
{"label":"User","message":"subscribe/MongoNetworkError: connection 0 to cj-dbserv:27017 closed","level":"error"}
{"label":"User","message":"Unhandled Rejection, MongoNetworkError: connection 0 to cj-dbserv:27017 closed","level":"error"}
{"label":"User","message":"subscribe/MongoNetworkError: connection 0 to cj-dbserv:27017 closed","level":"error"}
{"label":"User","message":"Unhandled Rejection, MongoNetworkError: connection 0 to cj-dbserv:27017 closed","level":"error"}
{"label":"User","message":"subscribe/MongoNetworkError: connection 0 to cj-dbserv:27017 closed","level":"error"}
{"label":"User","message":"Unhandled Rejection, MongoNetworkError: connection 0 to cj-dbserv:27017 closed","level":"error"}
{"label":"User","message":"subscribe/MongoNetworkError: connection 0 to cj-dbserv:27017 closed","level":"error"}
{"label":"User","message":"Unhandled Rejection, MongoNetworkError: connection 0 to cj-dbserv:27017 closed","level":"error"}
{"label":"User","message":"subscribe/MongoNetworkError: connection 0 to cj-dbserv:27017 closed","level":"error"}
{"label":"User","message":"Unhandled Rejection, MongoNetworkError: connection 0 to cj-dbserv:27017 closed","level":"error"}
{"label":"User","message":"subscribe/MongoNetworkError: connection 0 to cj-dbserv:27017 closed","level":"error"}
{"label":"User","message":"subscribe/MongoNetworkError: connection 0 to cj-dbserv:27017 closed","level":"error"}
{"label":"User","message":"Unhandled Rejection, MongoNetworkError: connection 0 to cj-dbserv:27017 closed","level":"error"}
{"label":"User","message":"Unhandled Rejection, MongoNetworkError: connection 0 to cj-dbserv:27017 closed","level":"error"}
{"label":"User","message":"subscribe/MongoNetworkError: connection 0 to cj-dbserv:27017 closed","level":"error"}
{"label":"User","message":"Unhandled Rejection, MongoNetworkError: connection 0 to cj-dbserv:27017 closed","level":"error"}
{"label":"User","message":"subscribe/MongoNetworkError: connection 0 to cj-dbserv:27017 closed","level":"error"}
{"label":"User","message":"Unhandled Rejection, MongoNetworkError: connection 0 to cj-dbserv:27017 closed","level":"error"}
{"label":"User","message":"subscribe/MongoNetworkError: connection 0 to cj-dbserv:27017 closed","level":"error"}
{"label":"User","message":"Unhandled Rejection, MongoNetworkError: connection 0 to cj-dbserv:27017 closed","level":"error"}
{"label":"User","message":"subscribe/MongoNetworkError: connection 0 to cj-dbserv:27017 closed","level":"error"}
{"label":"User","message":"subscribe/MongoNetworkError: connection 0 to cj-dbserv:27017 closed","level":"error"}
{"label":"User","message":"Unhandled Rejection, MongoNetworkError: connection 0 to cj-dbserv:27017 closed","level":"error"}
{"label":"User","message":"Unhandled Rejection, MongoNetworkError: connection 0 to cj-dbserv:27017 closed","level":"error"}
{"label":"User","message":"subscribe/MongoNetworkError: connection 0 to cj-dbserv:27017 closed","level":"error"}
{"label":"User","message":"Unhandled Rejection, MongoNetworkError: connection 0 to cj-dbserv:27017 closed","level":"error"}
{"label":"User","message":"subscribe/MongoNetworkError: connection 0 to cj-dbserv:27017 closed","level":"error"}
{"label":"User","message":"Unhandled Rejection, MongoNetworkError: connection 0 to cj-dbserv:27017 closed","level":"error"}
{"label":"User","message":"subscribe/MongoNetworkError: connection 0 to cj-dbserv:27017 closed","level":"error"}
{"label":"User","message":"Unhandled Rejection, MongoNetworkError: connection 0 to cj-dbserv:27017 closed","level":"error"}
{"label":"User","message":"subscribe/MongoNetworkError: connection 0 to cj-dbserv:27017 closed","level":"error"}
{"label":"User","message":"Unhandled Rejection, MongoNetworkError: connection 0 to cj-dbserv:27017 closed","level":"error"}
{"label":"User","message":"subscribe/MongoNetworkError: connection 0 to cj-dbserv:27017 closed","level":"error"}
{"label":"User","message":"Unhandled Rejection, MongoNetworkError: connection 0 to cj-dbserv:27017 closed","level":"error"}
{"label":"User","message":"subscribe/MongoNetworkError: connection 0 to cj-dbserv:27017 closed","level":"error"}
{"label":"User","message":"Unhandled Rejection, MongoNetworkError: connection 0 to cj-dbserv:27017 closed","level":"error"}
{"label":"User","message":"subscribe/MongoNetworkError: connection 0 to cj-dbserv:27017 closed","level":"error"}
{"label":"User","message":"Unhandled Rejection, MongoNetworkError: connection 0 to cj-dbserv:27017 closed","level":"error"}
{"label":"User","message":"subscribe/MongoNetworkError: connection 0 to cj-dbserv:27017 closed","level":"error"}
{"label":"User","message":"Unhandled Rejection, MongoNetworkError: connection 0 to cj-dbserv:27017 closed","level":"error"}
{"label":"User","message":"subscribe/MongoNetworkError: connection 0 to cj-dbserv:27017 closed","level":"error"}
{"label":"User","message":"Unhandled Rejection, MongoNetworkError: connection 0 to cj-dbserv:27017 closed","level":"error"}
{"label":"File","message":"subscribe/MongooseServerSelectionError: connection timed out","level":"error"}
{"label":"File","message":"Unhandled Rejection, MongooseServerSelectionError: connection timed out","level":"error"}
{"label":"File","message":"subscribe/MongooseServerSelectionError: connection timed out","level":"error"}
{"label":"File","message":"Unhandled Rejection, MongooseServerSelectionError: connection timed out","level":"error"}
{"label":"File","message":"subscribe/MongooseServerSelectionError: connection timed out","level":"error"}
{"label":"File","message":"Unhandled Rejection, MongooseServerSelectionError: connection timed out","level":"error"}
{"label":"File","message":"subscribe/MongooseServerSelectionError: connection timed out","level":"error"}
{"label":"File","message":"Unhandled Rejection, MongooseServerSelectionError: connection timed out","level":"error"}
{"label":"File","message":"subscribe/MongooseServerSelectionError: connection timed out","level":"error"}
{"label":"File","message":"Unhandled Rejection, MongooseServerSelectionError: connection timed out","level":"error"}
{"label":"File","message":"subscribe/MongooseServerSelectionError: connection timed out","level":"error"}
{"label":"File","message":"Unhandled Rejection, MongooseServerSelectionError: connection timed out","level":"error"}
{"label":"File","message":"subscribe/MongooseServerSelectionError: self signed certificate in certificate chain","level":"error"}
{"label":"File","message":"subscribe/MongooseServerSelectionError: self signed certificate in certificate chain","level":"error"}
{"label":"File","message":"subscribe/MongooseServerSelectionError: self signed certificate in certificate chain","level":"error"}
{"label":"File","message":"Unhandled Rejection, MongooseServerSelectionError: self signed certificate in certificate chain","level":"error"}
{"label":"File","message":"Unhandled Rejection, MongooseServerSelectionError: self signed certificate in certificate chain","level":"error"}
{"label":"File","message":"subscribe/MongooseServerSelectionError: self signed certificate in certificate chain","level":"error"}
{"label":"File","message":"Unhandled Rejection, MongooseServerSelectionError: self signed certificate in certificate chain","level":"error"}
{"label":"File","message":"subscribe/MongooseServerSelectionError: self signed certificate in certificate chain","level":"error"}
{"label":"File","message":"Unhandled Rejection, MongooseServerSelectionError: self signed certificate in certificate chain","level":"error"}
{"label":"File","message":"Unhandled Rejection, MongooseServerSelectionError: self signed certificate in certificate chain","level":"error"}
{"label":"File","message":"subscribe/MongooseServerSelectionError: self signed certificate in certificate chain","level":"error"}
{"label":"File","message":"Unhandled Rejection, MongooseServerSelectionError: self signed certificate in certificate chain","level":"error"}
{"label":"File","message":"subscribe/MongooseServerSelectionError: self signed certificate in certificate chain","level":"error"}
{"label":"File","message":"Unhandled Rejection, MongooseServerSelectionError: self signed certificate in certificate chain","level":"error"}
{"label":"File","message":"subscribe/MongooseServerSelectionError: self signed certificate in certificate chain","level":"error"}
{"label":"File","message":"Unhandled Rejection, MongooseServerSelectionError: self signed certificate in certificate chain","level":"error"}
{"label":"File","message":"subscribe/MongooseServerSelectionError: self signed certificate in certificate chain","level":"error"}
{"label":"File","message":"Unhandled Rejection, MongooseServerSelectionError: self signed certificate in certificate chain","level":"error"}
{"label":"File","message":"subscribe/MongooseServerSelectionError: self signed certificate in certificate chain","level":"error"}
{"label":"File","message":"subscribe/MongooseServerSelectionError: self signed certificate in certificate chain","level":"error"}
{"label":"File","message":"Unhandled Rejection, MongooseServerSelectionError: self signed certificate in certificate chain","level":"error"}
{"label":"File","message":"Unhandled Rejection, MongooseServerSelectionError: self signed certificate in certificate chain","level":"error"}
{"label":"File","message":"subscribe/MongooseServerSelectionError: self signed certificate in certificate chain","level":"error"}
{"label":"File","message":"Unhandled Rejection, MongooseServerSelectionError: self signed certificate in certificate chain","level":"error"}
{"label":"File","message":"subscribe/MongooseServerSelectionError: self signed certificate in certificate chain","level":"error"}
{"label":"File","message":"Unhandled Rejection, MongooseServerSelectionError: self signed certificate in certificate chain","level":"error"}
{"label":"File","message":"subscribe/MongooseServerSelectionError: self signed certificate in certificate chain","level":"error"}
{"label":"File","message":"subscribe/MongooseServerSelectionError: self signed certificate in certificate chain","level":"error"}
{"label":"File","message":"Unhandled Rejection, MongooseServerSelectionError: self signed certificate in certificate chain","level":"error"}
{"label":"File","message":"Unhandled Rejection, MongooseServerSelectionError: self signed certificate in certificate chain","level":"error"}
{"label":"File","message":"subscribe/MongooseServerSelectionError: self signed certificate in certificate chain","level":"error"}
{"label":"File","message":"Unhandled Rejection, MongooseServerSelectionError: self signed certificate in certificate chain","level":"error"}
{"label":"File","message":"subscribe/MongooseServerSelectionError: self signed certificate in certificate chain","level":"error"}
{"label":"File","message":"Unhandled Rejection, MongooseServerSelectionError: self signed certificate in certificate chain","level":"error"}
{"label":"File","message":"subscribe/MongooseServerSelectionError: self signed certificate in certificate chain","level":"error"}
{"label":"File","message":"Unhandled Rejection, MongooseServerSelectionError: self signed certificate in certificate chain","level":"error"}
