{"label":"Cluster","message":"Starting NodeJS Cluster on port 1996","level":"info"}
{"label":"Logger","message":"Level=silly Color=1 Console=1","level":"debug"}
{"label":"JWT","message":"Keyfile@/home/cjason/prodev/minxpressnode/.jwt","level":"info"}
{"label":"Cluster","message":"Worker thread 0 started","level":"verbose"}
{"label":"Cluster","message":"Worker thread 1 started","level":"verbose"}
{"label":"Cluster","message":"Worker thread 2 started","level":"verbose"}
{"label":"Cluster","message":"Worker thread 3 started","level":"verbose"}
{"label":"Cluster","message":"Worker thread 4 started","level":"verbose"}
{"label":"Cluster","message":"Worker thread 5 started","level":"verbose"}
{"label":"Database","message":"connect/OK","level":"verbose"}
{"label":"Database","message":"connect/OK","level":"verbose"}
{"label":"Database","message":"connect/OK","level":"verbose"}
{"label":"Database","message":"connect/OK","level":"verbose"}
{"label":"Database","message":"connect/OK","level":"verbose"}
{"label":"Database","message":"connect/OK","level":"verbose"}
{"label":"Cluster","message":"Starting NodeJS Cluster on port 1996","level":"info"}
{"label":"Logger","message":"Level=silly Color=1 Console=1","level":"debug"}
{"label":"JWT","message":"Keyfile@/home/cjason/prodev/minxpressnode/.jwt","level":"info"}
{"label":"Cluster","message":"Worker thread 0 started","level":"verbose"}
{"label":"Cluster","message":"Worker thread 1 started","level":"verbose"}
{"label":"Cluster","message":"Worker thread 2 started","level":"verbose"}
{"label":"Cluster","message":"Worker thread 3 started","level":"verbose"}
{"label":"Cluster","message":"Worker thread 4 started","level":"verbose"}
{"label":"Cluster","message":"Worker thread 5 started","level":"verbose"}
{"label":"Database","message":"connect/OK","level":"verbose"}
{"label":"Database","message":"connect/OK","level":"verbose"}
{"label":"Database","message":"connect/OK","level":"verbose"}
{"label":"Database","message":"connect/OK","level":"verbose"}
{"label":"Database","message":"connect/OK","level":"verbose"}
{"label":"Database","message":"connect/OK","level":"verbose"}
{"label":"User","level":"debug","message":"UserValid/Invalid user","stack":"Error: Invalid user\n    at Function.userSchema.statics.findAndValidateUser (/home/cjason/prodev/minxpressnode/schemas/user.js:102:9)\n    at processTicksAndRejections (internal/process/task_queues.js:93:5)\n    at async /home/cjason/prodev/minxpressnode/routers/user.js:62:10"}
{"message":"Failed login attempt from admin ::1","level":"info","label":"User"}
{"label":"User","level":"debug","message":"UserValid/Invalid user","stack":"Error: Invalid user\n    at Function.userSchema.statics.findAndValidateUser (/home/cjason/prodev/minxpressnode/schemas/user.js:102:9)\n    at processTicksAndRejections (internal/process/task_queues.js:93:5)\n    at async /home/cjason/prodev/minxpressnode/routers/user.js:62:10"}
{"message":"Failed login attempt from admin ::1","level":"info","label":"User"}
{"message":"User Add Request admin:chia_jason96@live.com","level":"debug","label":"User"}
{"message":"New User Registered chia_jason96@live.com:admin","level":"info","label":"User"}
{"label":"User","level":"debug","message":"UserValid/Invalid user","stack":"Error: Invalid user\n    at Function.userSchema.statics.findAndValidateUser (/home/cjason/prodev/minxpressnode/schemas/user.js:102:9)\n    at processTicksAndRejections (internal/process/task_queues.js:93:5)\n    at async /home/cjason/prodev/minxpressnode/routers/user.js:62:10"}
{"message":"Failed login attempt from admin ::1","level":"info","label":"User"}
{"label":"User","level":"debug","message":"UserValid/Invalid user","stack":"Error: Invalid user\n    at Function.userSchema.statics.findAndValidateUser (/home/cjason/prodev/minxpressnode/schemas/user.js:102:9)\n    at processTicksAndRejections (internal/process/task_queues.js:93:5)\n    at async /home/cjason/prodev/minxpressnode/routers/user.js:62:10"}
{"message":"Failed login attempt from admin ::1","level":"info","label":"User"}
{"message":"Successful login attempt from admin","level":"info","label":"User"}
{"message":"Logging admin out of system","level":"info","label":"User"}
{"message":"success","level":"silly","label":"User"}
