{"label":"Cluster","message":"Starting NodeJS Cluster on port 1996","level":"info"}
{"label":"Logger","message":"Level=silly Color=1 Console=1","level":"debug"}
{"label":"JWT","message":"Keyfile@/home/cjason/prodev/minxpressnode/.jwt","level":"info"}
{"label":"Cluster","message":"Worker thread 0 started","level":"verbose"}
{"label":"Cluster","message":"Worker thread 1 started","level":"verbose"}
{"label":"Cluster","message":"Worker thread 2 started","level":"verbose"}
{"label":"Cluster","message":"Worker thread 3 started","level":"verbose"}
{"label":"Cluster","message":"Worker thread 4 started","level":"verbose"}
{"label":"Cluster","message":"Worker thread 5 started","level":"verbose"}
{"label":"Database","message":"connect/OK","level":"verbose"}
{"label":"Database","message":"connect/OK","level":"verbose"}
{"label":"Database","message":"connect/OK","level":"verbose"}
{"label":"Database","message":"connect/OK","level":"verbose"}
{"label":"User","message":"subscribe/MongoNetworkError: connect ECONNREFUSED 127.0.0.1:27017","level":"error"}
{"label":"User","message":"subscribe/MongoNetworkError: connect ECONNREFUSED 127.0.0.1:27017","level":"error"}
{"label":"Database","message":"connect/OK","level":"verbose"}
{"label":"Database","message":"connect/OK","level":"verbose"}
{"label":"User","message":"Unhandled Rejection, MongoNetworkError: connect ECONNREFUSED 127.0.0.1:27017","level":"error"}
{"label":"User","message":"subscribe/MongoNetworkError: connect ECONNREFUSED 127.0.0.1:27017","level":"error"}
{"label":"User","message":"subscribe/MongoNetworkError: connect ECONNREFUSED 127.0.0.1:27017","level":"error"}
{"label":"User","message":"Unhandled Rejection, MongoNetworkError: connect ECONNREFUSED 127.0.0.1:27017","level":"error"}
{"label":"User","message":"subscribe/MongoNetworkError: connect ECONNREFUSED 127.0.0.1:27017","level":"error"}
{"label":"User","message":"subscribe/MongoNetworkError: connect ECONNREFUSED 127.0.0.1:27017","level":"error"}
{"label":"User","message":"Unhandled Rejection, MongoNetworkError: connect ECONNREFUSED 127.0.0.1:27017","level":"error"}
{"label":"User","message":"Unhandled Rejection, MongoNetworkError: connect ECONNREFUSED 127.0.0.1:27017","level":"error"}
{"label":"User","message":"Unhandled Rejection, MongoNetworkError: connect ECONNREFUSED 127.0.0.1:27017","level":"error"}
{"label":"User","message":"Unhandled Rejection, MongoNetworkError: connect ECONNREFUSED 127.0.0.1:27017","level":"error"}
{"label":"Cluster","message":"Starting NodeJS Cluster on port 1996","level":"info"}
{"label":"Logger","message":"Level=silly Color=1 Console=1","level":"debug"}
{"label":"JWT","message":"Keyfile@/home/cjason/prodev/minxpressnode/.jwt","level":"info"}
{"label":"Cluster","message":"Worker thread 0 started","level":"verbose"}
{"label":"Cluster","message":"Worker thread 1 started","level":"verbose"}
{"label":"Cluster","message":"Worker thread 2 started","level":"verbose"}
{"label":"Cluster","message":"Worker thread 3 started","level":"verbose"}
{"label":"Cluster","message":"Worker thread 4 started","level":"verbose"}
{"label":"Cluster","message":"Worker thread 5 started","level":"verbose"}
{"label":"Database","message":"connect/OK","level":"verbose"}
{"label":"Database","message":"connect/OK","level":"verbose"}
{"label":"User","message":"subscribe/MongoNetworkError: connection 0 to cj-dbserv:27017 closed","level":"error"}
{"label":"User","message":"Unhandled Rejection, MongoNetworkError: connection 0 to cj-dbserv:27017 closed","level":"error"}
{"label":"Database","message":"connect/OK","level":"verbose"}
{"label":"User","message":"subscribe/MongoNetworkError: connection 0 to cj-dbserv:27017 closed","level":"error"}
{"label":"User","message":"Unhandled Rejection, MongoNetworkError: connection 0 to cj-dbserv:27017 closed","level":"error"}
{"label":"User","message":"subscribe/MongoNetworkError: connection 0 to cj-dbserv:27017 closed","level":"error"}
{"label":"User","message":"Unhandled Rejection, MongoNetworkError: connection 0 to cj-dbserv:27017 closed","level":"error"}
{"label":"Database","message":"connect/OK","level":"verbose"}
{"label":"Database","message":"connect/OK","level":"verbose"}
{"label":"Database","message":"connect/OK","level":"verbose"}
{"label":"User","message":"subscribe/MongoNetworkError: connection 0 to cj-dbserv:27017 closed","level":"error"}
{"label":"User","message":"subscribe/MongoNetworkError: connection 0 to cj-dbserv:27017 closed","level":"error"}
{"label":"User","message":"Unhandled Rejection, MongoNetworkError: connection 0 to cj-dbserv:27017 closed","level":"error"}
{"label":"User","message":"Unhandled Rejection, MongoNetworkError: connection 0 to cj-dbserv:27017 closed","level":"error"}
{"label":"User","message":"subscribe/MongoNetworkError: connection 0 to cj-dbserv:27017 closed","level":"error"}
{"label":"User","message":"Unhandled Rejection, MongoNetworkError: connection 0 to cj-dbserv:27017 closed","level":"error"}
{"label":"Cluster","message":"Starting NodeJS Cluster on port 1996","level":"info"}
{"label":"Logger","message":"Level=silly Color=1 Console=1","level":"debug"}
{"label":"JWT","message":"Keyfile@/home/cjason/prodev/minxpressnode/.jwt","level":"info"}
{"label":"Cluster","message":"Worker thread 0 started","level":"verbose"}
{"label":"Cluster","message":"Worker thread 1 started","level":"verbose"}
{"label":"Cluster","message":"Worker thread 2 started","level":"verbose"}
{"label":"Cluster","message":"Worker thread 3 started","level":"verbose"}
{"label":"Cluster","message":"Worker thread 4 started","level":"verbose"}
{"label":"Cluster","message":"Worker thread 5 started","level":"verbose"}
{"label":"Database","message":"connect/OK","level":"verbose"}
{"label":"Database","message":"connect/OK","level":"verbose"}
{"label":"User","message":"subscribe/MongoNetworkError: connection 0 to cj-dbserv:27017 closed","level":"error"}
{"label":"User","message":"Unhandled Rejection, MongoNetworkError: connection 0 to cj-dbserv:27017 closed","level":"error"}
{"label":"User","message":"subscribe/MongoNetworkError: connection 0 to cj-dbserv:27017 closed","level":"error"}
{"label":"User","message":"Unhandled Rejection, MongoNetworkError: connection 0 to cj-dbserv:27017 closed","level":"error"}
{"label":"Database","message":"connect/OK","level":"verbose"}
{"label":"User","message":"subscribe/MongoNetworkError: connection 0 to cj-dbserv:27017 closed","level":"error"}
{"label":"Database","message":"connect/OK","level":"verbose"}
{"label":"User","message":"Unhandled Rejection, MongoNetworkError: connection 0 to cj-dbserv:27017 closed","level":"error"}
{"label":"Database","message":"connect/OK","level":"verbose"}
{"label":"User","message":"subscribe/MongoNetworkError: connection 0 to cj-dbserv:27017 closed","level":"error"}
{"label":"User","message":"Unhandled Rejection, MongoNetworkError: connection 0 to cj-dbserv:27017 closed","level":"error"}
{"label":"User","message":"subscribe/MongoNetworkError: connection 0 to cj-dbserv:27017 closed","level":"error"}
{"label":"User","message":"Unhandled Rejection, MongoNetworkError: connection 0 to cj-dbserv:27017 closed","level":"error"}
{"label":"Database","message":"connect/OK","level":"verbose"}
{"label":"User","message":"subscribe/MongoNetworkError: connection 0 to cj-dbserv:27017 closed","level":"error"}
{"label":"User","message":"Unhandled Rejection, MongoNetworkError: connection 0 to cj-dbserv:27017 closed","level":"error"}
{"label":"Cluster","message":"Starting NodeJS Cluster on port 1996","level":"info"}
{"label":"Logger","message":"Level=silly Color=1 Console=1","level":"debug"}
{"label":"JWT","message":"Keyfile@/home/cjason/prodev/minxpressnode/.jwt","level":"info"}
{"label":"Cluster","message":"Worker thread 0 started","level":"verbose"}
{"label":"Cluster","message":"Worker thread 1 started","level":"verbose"}
{"label":"Cluster","message":"Worker thread 2 started","level":"verbose"}
{"label":"Cluster","message":"Worker thread 3 started","level":"verbose"}
{"label":"Cluster","message":"Worker thread 4 started","level":"verbose"}
{"label":"Cluster","message":"Worker thread 5 started","level":"verbose"}
{"label":"Database","message":"connect/OK","level":"verbose"}
{"label":"Database","message":"connect/OK","level":"verbose"}
{"label":"User","message":"subscribe/MongoNetworkError: connection 0 to cj-dbserv:27017 closed","level":"error"}
{"label":"User","message":"Unhandled Rejection, MongoNetworkError: connection 0 to cj-dbserv:27017 closed","level":"error"}
{"label":"User","message":"subscribe/MongoNetworkError: connection 0 to cj-dbserv:27017 closed","level":"error"}
{"label":"User","message":"Unhandled Rejection, MongoNetworkError: connection 0 to cj-dbserv:27017 closed","level":"error"}
{"label":"Database","message":"connect/OK","level":"verbose"}
{"label":"Database","message":"connect/OK","level":"verbose"}
{"label":"Database","message":"connect/OK","level":"verbose"}
{"label":"User","message":"subscribe/MongoNetworkError: connection 0 to cj-dbserv:27017 closed","level":"error"}
{"label":"User","message":"subscribe/MongoNetworkError: connection 0 to cj-dbserv:27017 closed","level":"error"}
{"label":"User","message":"Unhandled Rejection, MongoNetworkError: connection 0 to cj-dbserv:27017 closed","level":"error"}
{"label":"User","message":"Unhandled Rejection, MongoNetworkError: connection 0 to cj-dbserv:27017 closed","level":"error"}
{"label":"Database","message":"connect/OK","level":"verbose"}
{"label":"User","message":"subscribe/MongoNetworkError: connection 0 to cj-dbserv:27017 closed","level":"error"}
{"label":"User","message":"Unhandled Rejection, MongoNetworkError: connection 0 to cj-dbserv:27017 closed","level":"error"}
{"label":"User","message":"subscribe/MongoNetworkError: connection 0 to cj-dbserv:27017 closed","level":"error"}
{"label":"User","message":"Unhandled Rejection, MongoNetworkError: connection 0 to cj-dbserv:27017 closed","level":"error"}
{"label":"Cluster","message":"Starting NodeJS Cluster on port 1996","level":"info"}
{"label":"Logger","message":"Level=silly Color=1 Console=1","level":"debug"}
{"label":"JWT","message":"Keyfile@/home/cjason/prodev/minxpressnode/.jwt","level":"info"}
{"label":"Cluster","message":"Worker thread 0 started","level":"verbose"}
{"label":"Cluster","message":"Worker thread 1 started","level":"verbose"}
{"label":"Cluster","message":"Worker thread 2 started","level":"verbose"}
{"label":"Cluster","message":"Worker thread 3 started","level":"verbose"}
{"label":"Cluster","message":"Worker thread 4 started","level":"verbose"}
{"label":"Cluster","message":"Worker thread 5 started","level":"verbose"}
{"label":"Database","message":"connect/OK","level":"verbose"}
{"label":"User","message":"subscribe/MongoNetworkError: connection 0 to cj-dbserv:27017 closed","level":"error"}
{"label":"User","message":"Unhandled Rejection, MongoNetworkError: connection 0 to cj-dbserv:27017 closed","level":"error"}
{"label":"Database","message":"connect/OK","level":"verbose"}
{"label":"Database","message":"connect/OK","level":"verbose"}
{"label":"Database","message":"connect/OK","level":"verbose"}
{"label":"User","message":"subscribe/MongoNetworkError: connection 0 to cj-dbserv:27017 closed","level":"error"}
{"label":"Database","message":"connect/OK","level":"verbose"}
{"label":"User","message":"subscribe/MongoNetworkError: connection 0 to cj-dbserv:27017 closed","level":"error"}
{"label":"User","message":"Unhandled Rejection, MongoNetworkError: connection 0 to cj-dbserv:27017 closed","level":"error"}
{"label":"User","message":"Unhandled Rejection, MongoNetworkError: connection 0 to cj-dbserv:27017 closed","level":"error"}
{"label":"User","message":"subscribe/MongoNetworkError: connection 0 to cj-dbserv:27017 closed","level":"error"}
{"label":"User","message":"Unhandled Rejection, MongoNetworkError: connection 0 to cj-dbserv:27017 closed","level":"error"}
{"label":"User","message":"subscribe/MongoNetworkError: connection 0 to cj-dbserv:27017 closed","level":"error"}
{"label":"User","message":"Unhandled Rejection, MongoNetworkError: connection 0 to cj-dbserv:27017 closed","level":"error"}
{"label":"Database","message":"connect/OK","level":"verbose"}
{"label":"User","message":"subscribe/MongoNetworkError: connection 0 to cj-dbserv:27017 closed","level":"error"}
{"label":"User","message":"Unhandled Rejection, MongoNetworkError: connection 0 to cj-dbserv:27017 closed","level":"error"}
{"label":"Cluster","message":"Starting NodeJS Cluster on port 1996","level":"info"}
{"label":"Logger","message":"Level=silly Color=1 Console=1","level":"debug"}
{"label":"JWT","message":"Keyfile@/home/cjason/prodev/minxpressnode/.jwt","level":"info"}
{"label":"Cluster","message":"Worker thread 0 started","level":"verbose"}
{"label":"Cluster","message":"Worker thread 1 started","level":"verbose"}
{"label":"Cluster","message":"Worker thread 2 started","level":"verbose"}
{"label":"Cluster","message":"Worker thread 3 started","level":"verbose"}
{"label":"Cluster","message":"Worker thread 4 started","level":"verbose"}
{"label":"Cluster","message":"Worker thread 5 started","level":"verbose"}
{"label":"Database","message":"connect/OK","level":"verbose"}
{"label":"Database","message":"connect/OK","level":"verbose"}
{"label":"Database","message":"connect/OK","level":"verbose"}
{"label":"Database","message":"connect/OK","level":"verbose"}
{"label":"Database","message":"connect/OK","level":"verbose"}
{"label":"Database","message":"connect/OK","level":"verbose"}
{"label":"Cluster","message":"Starting NodeJS Cluster on port 1996","level":"info"}
{"label":"Logger","message":"Level=silly Color=1 Console=1","level":"debug"}
{"label":"JWT","message":"Keyfile@/home/cjason/prodev/minxpressnode/.jwt","level":"info"}
{"label":"Cluster","message":"Worker thread 0 started","level":"verbose"}
{"label":"Cluster","message":"Worker thread 1 started","level":"verbose"}
{"label":"Cluster","message":"Worker thread 2 started","level":"verbose"}
{"label":"Cluster","message":"Worker thread 3 started","level":"verbose"}
{"label":"Cluster","message":"Worker thread 4 started","level":"verbose"}
{"label":"Cluster","message":"Worker thread 5 started","level":"verbose"}
{"label":"Database","message":"connect/OK","level":"verbose"}
{"label":"Database","message":"connect/OK","level":"verbose"}
{"label":"Database","message":"connect/OK","level":"verbose"}
{"label":"Database","message":"connect/OK","level":"verbose"}
{"label":"Database","message":"connect/OK","level":"verbose"}
{"label":"Database","message":"connect/OK","level":"verbose"}
{"label":"Cluster","message":"Starting NodeJS Cluster on port 1996","level":"info"}
{"label":"Logger","message":"Level=silly Color=1 Console=1","level":"debug"}
{"label":"JWT","message":"Keyfile@/home/cjason/prodev/minxpressnode/.jwt","level":"info"}
{"label":"Cluster","message":"Worker thread 0 started","level":"verbose"}
{"label":"Cluster","message":"Worker thread 1 started","level":"verbose"}
{"label":"Cluster","message":"Worker thread 2 started","level":"verbose"}
{"label":"Cluster","message":"Worker thread 3 started","level":"verbose"}
{"label":"Cluster","message":"Worker thread 4 started","level":"verbose"}
{"label":"Cluster","message":"Worker thread 5 started","level":"verbose"}
{"label":"Database","message":"connect/OK","level":"verbose"}
{"label":"Database","message":"connect/OK","level":"verbose"}
{"label":"Database","message":"connect/OK","level":"verbose"}
{"label":"Database","message":"connect/OK","level":"verbose"}
{"label":"Database","message":"connect/OK","level":"verbose"}
{"label":"Database","message":"connect/OK","level":"verbose"}
{"label":"Cluster","message":"Starting NodeJS Cluster on port 1996","level":"info"}
{"label":"Logger","message":"Level=silly Color=1 Console=1","level":"debug"}
{"label":"JWT","message":"Keyfile@/home/cjason/prodev/minxpressnode/.jwt","level":"info"}
{"label":"Cluster","message":"Worker thread 0 started","level":"verbose"}
{"label":"Cluster","message":"Worker thread 1 started","level":"verbose"}
{"label":"Cluster","message":"Worker thread 2 started","level":"verbose"}
{"label":"Cluster","message":"Worker thread 3 started","level":"verbose"}
{"label":"Cluster","message":"Worker thread 4 started","level":"verbose"}
{"label":"Cluster","message":"Worker thread 5 started","level":"verbose"}
{"label":"Database","message":"connect/OK","level":"verbose"}
{"label":"Database","message":"connect/OK","level":"verbose"}
{"label":"Database","message":"connect/OK","level":"verbose"}
{"label":"Database","message":"connect/OK","level":"verbose"}
{"label":"Database","message":"connect/OK","level":"verbose"}
{"label":"Database","message":"connect/OK","level":"verbose"}
{"label":"Cluster","message":"Starting NodeJS Cluster on port 1996","level":"info"}
{"label":"Logger","message":"Level=silly Color=1 Console=1","level":"debug"}
{"label":"JWT","message":"Keyfile@/home/cjason/prodev/minxpressnode/.jwt","level":"info"}
{"label":"Cluster","message":"Worker thread 0 started","level":"verbose"}
{"label":"Cluster","message":"Worker thread 1 started","level":"verbose"}
{"label":"Cluster","message":"Worker thread 2 started","level":"verbose"}
{"label":"Cluster","message":"Worker thread 3 started","level":"verbose"}
{"label":"Cluster","message":"Worker thread 4 started","level":"verbose"}
{"label":"Cluster","message":"Worker thread 5 started","level":"verbose"}
{"label":"Database","message":"connect/OK","level":"verbose"}
{"label":"Database","message":"connect/OK","level":"verbose"}
{"label":"Database","message":"connect/OK","level":"verbose"}
{"label":"Database","message":"connect/OK","level":"verbose"}
{"label":"Database","message":"connect/OK","level":"verbose"}
{"label":"Database","message":"connect/OK","level":"verbose"}
{"label":"Cluster","message":"Starting NodeJS Cluster on port 1996","level":"info"}
{"label":"Logger","message":"Level=silly Color=1 Console=1","level":"debug"}
{"label":"JWT","message":"Keyfile@/home/cjason/prodev/minxpressnode/.jwt","level":"info"}
{"label":"Cluster","message":"Worker thread 0 started","level":"verbose"}
{"label":"Cluster","message":"Worker thread 1 started","level":"verbose"}
{"label":"Cluster","message":"Worker thread 2 started","level":"verbose"}
{"label":"Cluster","message":"Worker thread 3 started","level":"verbose"}
{"label":"Cluster","message":"Worker thread 4 started","level":"verbose"}
{"label":"Cluster","message":"Worker thread 5 started","level":"verbose"}
{"label":"Database","message":"connect/OK","level":"verbose"}
{"label":"Database","message":"connect/OK","level":"verbose"}
{"label":"Database","message":"connect/OK","level":"verbose"}
{"label":"Database","message":"connect/OK","level":"verbose"}
{"label":"Database","message":"connect/OK","level":"verbose"}
{"label":"Database","message":"connect/OK","level":"verbose"}
{"label":"Cluster","message":"Starting NodeJS Cluster on port 1996","level":"info"}
{"label":"Logger","message":"Level=silly Color=1 Console=1","level":"debug"}
{"label":"JWT","message":"Keyfile@/home/cjason/prodev/minxpressnode/.jwt","level":"info"}
{"label":"Cluster","message":"Worker thread 0 started","level":"verbose"}
{"label":"Cluster","message":"Worker thread 1 started","level":"verbose"}
{"label":"Cluster","message":"Worker thread 2 started","level":"verbose"}
{"label":"Cluster","message":"Worker thread 3 started","level":"verbose"}
{"label":"Cluster","message":"Worker thread 4 started","level":"verbose"}
{"label":"Cluster","message":"Worker thread 5 started","level":"verbose"}
{"label":"Database","message":"connect/OK","level":"verbose"}
{"label":"Database","message":"connect/OK","level":"verbose"}
{"label":"Database","message":"connect/OK","level":"verbose"}
{"label":"Database","message":"connect/OK","level":"verbose"}
{"label":"Database","message":"connect/OK","level":"verbose"}
{"label":"Database","message":"connect/OK","level":"verbose"}
{"label":"Cluster","message":"Starting NodeJS Cluster on port 1996","level":"info"}
{"label":"Logger","message":"Level=silly Color=1 Console=1","level":"debug"}
{"label":"JWT","message":"Keyfile@/home/cjason/prodev/minxpressnode/.jwt","level":"info"}
{"label":"Cluster","message":"Worker thread 0 started","level":"verbose"}
{"label":"Cluster","message":"Worker thread 1 started","level":"verbose"}
{"label":"Cluster","message":"Worker thread 2 started","level":"verbose"}
{"label":"Cluster","message":"Worker thread 3 started","level":"verbose"}
{"label":"Cluster","message":"Worker thread 4 started","level":"verbose"}
{"label":"Cluster","message":"Worker thread 5 started","level":"verbose"}
{"label":"Database","message":"connect/OK","level":"verbose"}
{"label":"Database","message":"connect/OK","level":"verbose"}
{"label":"Database","message":"connect/OK","level":"verbose"}
{"label":"Database","message":"connect/OK","level":"verbose"}
{"label":"Database","message":"connect/OK","level":"verbose"}
{"label":"Database","message":"connect/OK","level":"verbose"}
{"label":"Cluster","message":"Starting NodeJS Cluster on port 1996","level":"info"}
{"label":"Logger","message":"Level=silly Color=1 Console=1","level":"debug"}
{"label":"JWT","message":"Keyfile@/home/cjason/prodev/minxpressnode/.jwt","level":"info"}
{"label":"Cluster","message":"Worker thread 0 started","level":"verbose"}
{"label":"Cluster","message":"Worker thread 1 started","level":"verbose"}
{"label":"Cluster","message":"Worker thread 2 started","level":"verbose"}
{"label":"Cluster","message":"Worker thread 3 started","level":"verbose"}
{"label":"Cluster","message":"Worker thread 4 started","level":"verbose"}
{"label":"Cluster","message":"Worker thread 5 started","level":"verbose"}
{"label":"Database","message":"connect/OK","level":"verbose"}
{"label":"Database","message":"connect/OK","level":"verbose"}
{"label":"Database","message":"connect/OK","level":"verbose"}
{"label":"Database","message":"connect/OK","level":"verbose"}
{"label":"Database","message":"connect/OK","level":"verbose"}
{"label":"Database","message":"connect/OK","level":"verbose"}
{"label":"Cluster","message":"Starting NodeJS Cluster on port 1996","level":"info"}
{"label":"Logger","message":"Level=silly Color=1 Console=1","level":"debug"}
{"label":"JWT","message":"Keyfile@/home/cjason/prodev/minxpressnode/.jwt","level":"info"}
{"label":"Cluster","message":"Worker thread 0 started","level":"verbose"}
{"label":"Cluster","message":"Worker thread 1 started","level":"verbose"}
{"label":"Cluster","message":"Worker thread 2 started","level":"verbose"}
{"label":"Cluster","message":"Worker thread 3 started","level":"verbose"}
{"label":"Cluster","message":"Worker thread 4 started","level":"verbose"}
{"label":"Cluster","message":"Worker thread 5 started","level":"verbose"}
{"label":"Database","message":"connect/OK","level":"verbose"}
{"label":"Database","message":"connect/OK","level":"verbose"}
{"label":"Database","message":"connect/OK","level":"verbose"}
{"label":"Database","message":"connect/OK","level":"verbose"}
{"label":"Database","message":"connect/OK","level":"verbose"}
{"label":"Database","message":"connect/OK","level":"verbose"}
{"label":"Cluster","message":"Starting NodeJS Cluster on port 1996","level":"info"}
{"label":"Logger","message":"Level=silly Color=1 Console=1","level":"debug"}
{"label":"JWT","message":"Keyfile@/home/cjason/prodev/minxpressnode/.jwt","level":"info"}
{"label":"Cluster","message":"Worker thread 0 started","level":"verbose"}
{"label":"Cluster","message":"Worker thread 1 started","level":"verbose"}
{"label":"Cluster","message":"Worker thread 2 started","level":"verbose"}
{"label":"Cluster","message":"Worker thread 3 started","level":"verbose"}
{"label":"Cluster","message":"Worker thread 4 started","level":"verbose"}
{"label":"Cluster","message":"Worker thread 5 started","level":"verbose"}
{"label":"Database","message":"connect/OK","level":"verbose"}
{"label":"Database","message":"connect/OK","level":"verbose"}
{"label":"User","message":"subscribe/MongoNetworkError: connection 0 to cj-dbserv:27017 closed","level":"error"}
{"label":"User","message":"Unhandled Rejection, MongoNetworkError: connection 0 to cj-dbserv:27017 closed","level":"error"}
{"label":"User","message":"subscribe/MongoNetworkError: connection 0 to cj-dbserv:27017 closed","level":"error"}
{"label":"User","message":"Unhandled Rejection, MongoNetworkError: connection 0 to cj-dbserv:27017 closed","level":"error"}
{"label":"Database","message":"connect/OK","level":"verbose"}
{"label":"Database","message":"connect/OK","level":"verbose"}
{"label":"User","message":"subscribe/MongoNetworkError: connection 0 to cj-dbserv:27017 closed","level":"error"}
{"label":"User","message":"Unhandled Rejection, MongoNetworkError: connection 0 to cj-dbserv:27017 closed","level":"error"}
{"label":"User","message":"subscribe/MongoNetworkError: connection 0 to cj-dbserv:27017 closed","level":"error"}
{"label":"User","message":"Unhandled Rejection, MongoNetworkError: connection 0 to cj-dbserv:27017 closed","level":"error"}
{"label":"Database","message":"connect/OK","level":"verbose"}
{"label":"Database","message":"connect/OK","level":"verbose"}
{"label":"User","message":"subscribe/MongoNetworkError: connection 0 to cj-dbserv:27017 closed","level":"error"}
{"label":"User","message":"Unhandled Rejection, MongoNetworkError: connection 0 to cj-dbserv:27017 closed","level":"error"}
{"label":"User","message":"subscribe/MongoNetworkError: connection 0 to cj-dbserv:27017 closed","level":"error"}
{"label":"User","message":"Unhandled Rejection, MongoNetworkError: connection 0 to cj-dbserv:27017 closed","level":"error"}
{"label":"Cluster","message":"Starting NodeJS Cluster on port 1996","level":"info"}
{"label":"Logger","message":"Level=silly Color=1 Console=1","level":"debug"}
{"label":"JWT","message":"Keyfile@/home/cjason/prodev/minxpressnode/.jwt","level":"info"}
{"label":"Cluster","message":"Worker thread 0 started","level":"verbose"}
{"label":"Cluster","message":"Worker thread 1 started","level":"verbose"}
{"label":"Cluster","message":"Worker thread 2 started","level":"verbose"}
{"label":"Cluster","message":"Worker thread 3 started","level":"verbose"}
{"label":"Cluster","message":"Worker thread 4 started","level":"verbose"}
{"label":"Cluster","message":"Worker thread 5 started","level":"verbose"}
{"label":"Database","message":"connect/OK","level":"verbose"}
{"label":"Database","message":"connect/OK","level":"verbose"}
{"label":"Database","message":"connect/OK","level":"verbose"}
{"label":"Database","message":"connect/OK","level":"verbose"}
{"label":"Database","message":"connect/OK","level":"verbose"}
{"label":"Database","message":"connect/OK","level":"verbose"}
{"label":"Cluster","message":"Starting NodeJS Cluster on port 1996","level":"info"}
{"label":"Logger","message":"Level=silly Color=1 Console=1","level":"debug"}
{"label":"JWT","message":"Keyfile@/home/cjason/prodev/minxpressnode/.jwt","level":"info"}
{"label":"Cluster","message":"Worker thread 0 started","level":"verbose"}
{"label":"Cluster","message":"Worker thread 1 started","level":"verbose"}
{"label":"Cluster","message":"Worker thread 2 started","level":"verbose"}
{"label":"Cluster","message":"Worker thread 3 started","level":"verbose"}
{"label":"Cluster","message":"Worker thread 4 started","level":"verbose"}
{"label":"Cluster","message":"Worker thread 5 started","level":"verbose"}
{"label":"Database","message":"connect/OK","level":"verbose"}
{"label":"Database","message":"connect/OK","level":"verbose"}
{"label":"Database","message":"connect/OK","level":"verbose"}
{"label":"Database","message":"connect/OK","level":"verbose"}
{"label":"Database","message":"connect/OK","level":"verbose"}
{"label":"Database","message":"connect/OK","level":"verbose"}
